# JRE version: Java(TM) SE Runtime Environment (17.0.1+12) (build 17.0.1+12-LTS-39)
# Java VM: Java HotSpot(TM) 64-Bit Server VM (17.0.1+12-LTS-39, mixed mode, sharing, tiered, compressed oops, compressed class ptrs, g1 gc, windows-amd64)
GC Precious Log:
 CPUs: 4 total, 4 available
 Memory: 6071M
 Large Page Support: Disabled
 NUMA Support: Disabled
 Compressed Oops: Enabled (32-bit)
 Heap Region Size: 1M
 Heap Min Capacity: 8M
 Heap Initial Capacity: 96M
 Heap Max Capacity: 1518M
 Pre-touch: Disabled
 Parallel Workers: 4
 Concurrent Workers: 1
 Concurrent Refinement Workers: 4
 Periodic GC: Disabled
Heap:
 garbage-first heap   total 534528K, used 314113K [0x00000000a1200000, 0x0000000100000000)
  region size 1024K, 13 young (13312K), 9 survivors (9216K)
 Metaspace       used 57108K, committed 57344K, reserved 1105920K
  class space    used 6740K, committed 6848K, reserved 1048576K
GC Heap History (20 events):
Event: 200081.582 GC heap before
{Heap before GC invocations=222 (full 0):
 garbage-first heap   total 534528K, used 460915K [0x00000000a1200000, 0x0000000100000000)
  region size 1024K, 155 young (158720K), 9 survivors (9216K)
 Metaspace       used 57082K, committed 57344K, reserved 1105920K
  class space    used 6740K, committed 6848K, reserved 1048576K
}
Event: 200081.614 GC heap after
{Heap after GC invocations=223 (full 0):
 garbage-first heap   total 534528K, used 311470K [0x00000000a1200000, 0x0000000100000000)
  region size 1024K, 9 young (9216K), 9 survivors (9216K)
 Metaspace       used 57082K, committed 57344K, reserved 1105920K
  class space    used 6740K, committed 6848K, reserved 1048576K
}
Event: 200381.577 GC heap before
{Heap before GC invocations=223 (full 0):
 garbage-first heap   total 534528K, used 328878K [0x00000000a1200000, 0x0000000100000000)
  region size 1024K, 26 young (26624K), 9 survivors (9216K)
 Metaspace       used 57082K, committed 57344K, reserved 1105920K
  class space    used 6740K, committed 6848K, reserved 1048576K
}
Event: 200381.583 GC heap after
{Heap after GC invocations=224 (full 0):
 garbage-first heap   total 534528K, used 303813K [0x00000000a1200000, 0x0000000100000000)
  region size 1024K, 2 young (2048K), 2 survivors (2048K)
 Metaspace       used 57082K, committed 57344K, reserved 1105920K
  class space    used 6740K, committed 6848K, reserved 1048576K
}
Event: 203321.580 GC heap before
{Heap before GC invocations=224 (full 0):
 garbage-first heap   total 534528K, used 458437K [0x00000000a1200000, 0x0000000100000000)
  region size 1024K, 153 young (156672K), 2 survivors (2048K)
 Metaspace       used 57082K, committed 57344K, reserved 1105920K
  class space    used 6740K, committed 6848K, reserved 1048576K
}
Event: 203321.615 GC heap after
{Heap after GC invocations=225 (full 0):
 garbage-first heap   total 534528K, used 311149K [0x00000000a1200000, 0x0000000100000000)
  region size 1024K, 9 young (9216K), 9 survivors (9216K)
 Metaspace       used 57082K, committed 57344K, reserved 1105920K
  class space    used 6740K, committed 6848K, reserved 1048576K
}
Event: 206081.584 GC heap before
{Heap before GC invocations=226 (full 0):
 garbage-first heap   total 534528K, used 459629K [0x00000000a1200000, 0x0000000100000000)
  region size 1024K, 154 young (157696K), 9 survivors (9216K)
 Metaspace       used 57083K, committed 57344K, reserved 1105920K
  class space    used 6740K, committed 6848K, reserved 1048576K
}
Event: 206081.616 GC heap after
{Heap after GC invocations=227 (full 0):
 garbage-first heap   total 534528K, used 311609K [0x00000000a1200000, 0x0000000100000000)
  region size 1024K, 9 young (9216K), 9 survivors (9216K)
 Metaspace       used 57083K, committed 57344K, reserved 1105920K
  class space    used 6740K, committed 6848K, reserved 1048576K
}
Event: 208841.570 GC heap before
{Heap before GC invocations=227 (full 0):
 garbage-first heap   total 534528K, used 460089K [0x00000000a1200000, 0x0000000100000000)
  region size 1024K, 154 young (157696K), 9 survivors (9216K)
 Metaspace       used 57083K, committed 57344K, reserved 1105920K
  class space    used 6740K, committed 6848K, reserved 1048576K
}
Event: 208841.602 GC heap after
{Heap after GC invocations=228 (full 0):
 garbage-first heap   total 534528K, used 311367K [0x00000000a1200000, 0x0000000100000000)
  region size 1024K, 9 young (9216K), 9 survivors (9216K)
 Metaspace       used 57083K, committed 57344K, reserved 1105920K
  class space    used 6740K, committed 6848K, reserved 1048576K
}
Event: 211241.576 GC heap before
{Heap before GC invocations=229 (full 0):
 garbage-first heap   total 534528K, used 458823K [0x00000000a1200000, 0x0000000100000000)
  region size 1024K, 154 young (157696K), 9 survivors (9216K)
 Metaspace       used 57107K, committed 57344K, reserved 1105920K
  class space    used 6740K, committed 6848K, reserved 1048576K
}
Event: 211241.606 GC heap after
{Heap after GC invocations=230 (full 0):
 garbage-first heap   total 534528K, used 310367K [0x00000000a1200000, 0x0000000100000000)
  region size 1024K, 8 young (8192K), 8 survivors (8192K)
 Metaspace       used 57107K, committed 57344K, reserved 1105920K
  class space    used 6740K, committed 6848K, reserved 1048576K
}
Event: 214061.581 GC heap before
{Heap before GC invocations=230 (full 0):
 garbage-first heap   total 534528K, used 459871K [0x00000000a1200000, 0x0000000100000000)
  region size 1024K, 154 young (157696K), 8 survivors (8192K)
 Metaspace       used 57107K, committed 57344K, reserved 1105920K
  class space    used 6740K, committed 6848K, reserved 1048576K
}
Event: 214061.614 GC heap after
{Heap after GC invocations=231 (full 0):
 garbage-first heap   total 534528K, used 311347K [0x00000000a1200000, 0x0000000100000000)
  region size 1024K, 9 young (9216K), 9 survivors (9216K)
 Metaspace       used 57107K, committed 57344K, reserved 1105920K
  class space    used 6740K, committed 6848K, reserved 1048576K
}
Event: 216825.232 GC heap before
{Heap before GC invocations=232 (full 0):
 garbage-first heap   total 534528K, used 459827K [0x00000000a1200000, 0x0000000100000000)
  region size 1024K, 154 young (157696K), 9 survivors (9216K)
 Metaspace       used 57107K, committed 57344K, reserved 1105920K
  class space    used 6740K, committed 6848K, reserved 1048576K
}
Event: 216825.263 GC heap after
{Heap after GC invocations=233 (full 0):
 garbage-first heap   total 534528K, used 311398K [0x00000000a1200000, 0x0000000100000000)
  region size 1024K, 9 young (9216K), 9 survivors (9216K)
 Metaspace       used 57107K, committed 57344K, reserved 1105920K
  class space    used 6740K, committed 6848K, reserved 1048576K
}
Event: 217181.581 GC heap before
{Heap before GC invocations=233 (full 0):
 garbage-first heap   total 534528K, used 328806K [0x00000000a1200000, 0x0000000100000000)
  region size 1024K, 26 young (26624K), 9 survivors (9216K)
 Metaspace       used 57107K, committed 57344K, reserved 1105920K
  class space    used 6740K, committed 6848K, reserved 1048576K
}
Event: 217181.587 GC heap after
{Heap after GC invocations=234 (full 0):
 garbage-first heap   total 534528K, used 304132K [0x00000000a1200000, 0x0000000100000000)
  region size 1024K, 2 young (2048K), 2 survivors (2048K)
 Metaspace       used 57107K, committed 57344K, reserved 1105920K
  class space    used 6740K, committed 6848K, reserved 1048576K
}
Event: 220061.576 GC heap before
{Heap before GC invocations=234 (full 0):
 garbage-first heap   total 534528K, used 458756K [0x00000000a1200000, 0x0000000100000000)
  region size 1024K, 153 young (156672K), 2 survivors (2048K)
 Metaspace       used 57108K, committed 57344K, reserved 1105920K
  class space    used 6740K, committed 6848K, reserved 1048576K
}
Event: 220061.610 GC heap after
{Heap after GC invocations=235 (full 0):
 garbage-first heap   total 534528K, used 311041K [0x00000000a1200000, 0x0000000100000000)
  region size 1024K, 9 young (9216K), 9 survivors (9216K)
 Metaspace       used 57108K, committed 57344K, reserved 1105920K
  class space    used 6740K, committed 6848K, reserved 1048576K
}

